(0000) 3000  0011000000000000 (   2)                 .ORIG x3000
(3000) 2C20  0010110000100000 (   4)                 LD    R6 STACK
(3001) 2020  0010000000100000 (   6)                 LD    R0 VECTOR
(3002) 2220  0010001000100000 (   7)                 LD    R1 ISR
(3003) 7200  0111001000000000 (   8)                 STR   R1 R0 #0
(3004) 2024  0010000000100100 (  11)                 LD    R0 KBSR
(3005) 221F  0010001000011111 (  12)                 LD    R1 ENABLE
(3006) 7200  0111001000000000 (  13)                 STR   R1 R0 #0
(3007) B222  1011001000100010 (  14)                 STI   R1 KBDR
(3008) 221B  0010001000011011 (  16) NEW             LD    R1 CTR
(3009) 201D  0010000000011101 (  19) REPEAT          LD    R0 STAR
(300A) B021  1011000000100001 (  20)                 STI   R0 DDR
(300B) 480B  0100100000001011 (  22)                 JSR   EYE
(300C) 201B  0010000000011011 (  24)                 LD    R0 SPACE
(300D) B01E  1011000000011110 (  25)                 STI   R0 DDR
(300E) 4808  0100100000001000 (  27)                 JSR   EYE
(300F) 2018  0010000000011000 (  29)                 LD    R0 SPACE
(3010) B01B  1011000000011011 (  30)                 STI   R0 DDR
(3011) 4805  0100100000000101 (  32)                 JSR   EYE
(3012) 127F  0001001001111111 (  34)                 ADD   R1 R1 #-1
(3013) 0BF5  0000101111110101 (  35)                 BRNP  REPEAT
(3014) 2011  0010000000010001 (  37)                 LD    R0 NEWLINE
(3015) B016  1011000000010110 (  38)                 STI   R0 DDR
(3016) 0FF1  0000111111110001 (  40)                 BRNZP NEW
(3017) 3007  0011000000000111 (  45) EYE             ST    R0 SAVE_R0
(3018) 3E07  0011111000000111 (  46)                 ST    R7 SAVE_R7
(3019) 2413  0010010000010011 (  47)                 LD    R2 TIME
(301A) 14BF  0001010010111111 (  48) CHK             ADD   R2 R2 #-1
(301B) 0BFE  0000101111111110 (  49)                 BRNP  CHK
(301C) 2002  0010000000000010 (  50)                 LD    R0 SAVE_R0
(301D) 2E02  0010111000000010 (  51)                 LD    R7 SAVE_R7
(301E) C1C0  1100000111000000 (  52)                 RET   
(301F) 0000  0000000000000000 (  56) SAVE_R0         .FILL x0000
(3020) 0000  0000000000000000 (  58) SAVE_R7         .FILL x0000
(3021) 3000  0011000000000000 (  58) STACK           .FILL x3000
(3022) 0180  0000000110000000 (  59) VECTOR          .FILL x0180
(3023) 1500  0001010100000000 (  60) ISR             .FILL x1500
(3024) 0014  0000000000010100 (  61) CTR             .FILL x0014
(3025) 4000  0100000000000000 (  62) ENABLE          .FILL x4000
(3026) 000A  0000000000001010 (  64) NEWLINE         .FILL x000A
(3027) 002A  0000000000101010 (  65) STAR            .FILL x002A
(3028) 0020  0000000000100000 (  66) SPACE           .FILL x0020
(3029) FE00  1111111000000000 (  68) KBSR            .FILL xFE00
(302A) FE02  1111111000000010 (  69) KBDR            .FILL xFE02
(302B) FE04  1111111000000100 (  70) DSR             .FILL xFE04
(302C) FE06  1111111000000110 (  71) DDR             .FILL xFE06
(302D) 0DAC  0000110110101100 (  73) TIME            .FILL x0DAC
