(0000) 1500  0001010100000000 (   2)                 .ORIG x1500
(1500) 3025  0011000000100101 (   4)                 ST    R0 R0SAVE
(1501) 3225  0011001000100101 (   5)                 ST    R1 R1SAVE
(1502) 3425  0011010000100101 (   6)                 ST    R2 R2SAVE
(1503) 3625  0011011000100101 (   7)                 ST    R3 R3SAVE
(1504) 3825  0011100000100101 (   8)                 ST    R4 R4SAVE
(1505) 3A25  0011101000100101 (   9)                 ST    R5 R5SAVE
(1506) 3E25  0011111000100101 (  10)                 ST    R7 R7SAVE
(1507) A029  1010000000101001 (  13)                 LDI   R0 KBDR
(1508) 2224  0010001000100100 (  15)                 LD    R1 OPPe
(1509) 1401  0001010000000001 (  16)                 ADD   R2 R0 R1
(150A) 0411  0000010000010001 (  17)                 BRZ   eee
(150B) 2222  0010001000100010 (  19) MAYBE           LD    R1 OPPc
(150C) 1401  0001010000000001 (  20)                 ADD   R2 R0 R1
(150D) 0413  0000010000010011 (  21)                 BRZ   ccc
(150E) 2025  0010000000100101 (  23)                 LD    R0 ASCIIE
(150F) B023  1011000000100011 (  24)                 STI   R0 DDR
(1510) 2024  0010000000100100 (  25)                 LD    R0 ASCIIC
(1511) B021  1011000000100001 (  26)                 STI   R0 DDR
(1512) 2021  0010000000100001 (  27)                 LD    R0 ASCIIE
(1513) B01F  1011000000011111 (  28)                 STI   R0 DDR
(1514) 2011  0010000000010001 (  30) DONE            LD    R0 R0SAVE
(1515) 2211  0010001000010001 (  31)                 LD    R1 R1SAVE
(1516) 2411  0010010000010001 (  32)                 LD    R2 R2SAVE
(1517) 2611  0010011000010001 (  33)                 LD    R3 R3SAVE
(1518) 2811  0010100000010001 (  34)                 LD    R4 R4SAVE
(1519) 2A11  0010101000010001 (  35)                 LD    R5 R5SAVE
(151A) 2E11  0010111000010001 (  36)                 LD    R7 R7SAVE
(151B) 8000  1000000000000000 (  38)                 RTI   
(151C) 2412  0010010000010010 (  41) eee             LD    R2 TEN
(151D) B015  1011000000010101 (  42) COPY            STI   R0 DDR
(151E) 14BF  0001010010111111 (  43)                 ADD   R2 R2 #-1
(151F) 0BFD  0000101111111101 (  44)                 BRNP  COPY
(1520) 0FF3  0000111111110011 (  45)                 BRNZP DONE
(1521) 240D  0010010000001101 (  47) ccc             LD    R2 TEN
(1522) B010  1011000000010000 (  48) AGAIN           STI   R0 DDR
(1523) 14BF  0001010010111111 (  49)                 ADD   R2 R2 #-1
(1524) 0BFD  0000101111111101 (  50)                 BRNP  AGAIN
(1525) 0FEE  0000111111101110 (  51)                 BRNZP DONE
(1526) 0000  0000000000000000 (  54) R0SAVE          .FILL x0000
(1527) 0000  0000000000000000 (  55) R1SAVE          .FILL x0000
(1528) 0000  0000000000000000 (  56) R2SAVE          .FILL x0000
(1529) 0000  0000000000000000 (  57) R3SAVE          .FILL x0000
(152A) 0000  0000000000000000 (  58) R4SAVE          .FILL x0000
(152B) 0000  0000000000000000 (  59) R5SAVE          .FILL x0000
(152C) 0000  0000000000000000 (  60) R7SAVE          .FILL x0000
(152D) FF9B  1111111110011011 (  60) OPPe            .FILL xFF9B
(152E) FF9D  1111111110011101 (  61) OPPc            .FILL xFF9D
(152F) 000A  0000000000001010 (  62) TEN             .FILL x000A
(1530) FE00  1111111000000000 (  64) KBSR            .FILL xFE00
(1531) FE02  1111111000000010 (  65) KBDR            .FILL xFE02
(1532) FE04  1111111000000100 (  66) DSR             .FILL xFE04
(1533) FE06  1111111000000110 (  67) DDR             .FILL xFE06
(1534) 0045  0000000001000101 (  69) ASCIIE          .FILL x0045
(1535) 0043  0000000001000011 (  70) ASCIIC          .FILL x0043
