(0000) 3000  0011000000000000 (   2)                 .ORIG x3000
(3000) 5020  0101000000100000 (   6) START           AND   R0 R0 #0
(3001) 5260  0101001001100000 (   7)                 AND   R1 R1 #0
(3002) 54A0  0101010010100000 (   8)                 AND   R2 R2 #0
(3003) 56E0  0101011011100000 (   9)                 AND   R3 R3 #0
(3004) 5920  0101100100100000 (  10)                 AND   R4 R4 #0
(3005) 5B60  0101101101100000 (  11)                 AND   R5 R5 #0
(3006) 5DA0  0101110110100000 (  12)                 AND   R6 R6 #0
(3007) 5FE0  0101111111100000 (  13)                 AND   R7 R7 #0
(3008) F020  1111000000100000 (  24)                 TRAP  x20
(3009) F021  1111000000100001 (  25)                 TRAP  x21
(300A) 1220  0001001000100000 (  26)                 ADD   R1 R0 #0
(300B) F020  1111000000100000 (  28)                 TRAP  x20
(300C) F021  1111000000100001 (  29)                 TRAP  x21
(300D) 1420  0001010000100000 (  30)                 ADD   R2 R0 #0
(300E) F020  1111000000100000 (  32)                 TRAP  x20
(300F) F021  1111000000100001 (  33)                 TRAP  x21
(3010) 1620  0001011000100000 (  34)                 ADD   R3 R0 #0
(3011) F020  1111000000100000 (  36)                 TRAP  x20
(3012) F021  1111000000100001 (  37)                 TRAP  x21
(3013) 1820  0001100000100000 (  38)                 ADD   R4 R0 #0
(3014) F020  1111000000100000 (  40)                 TRAP  x20
(3015) F021  1111000000100001 (  41)                 TRAP  x21
(3016) 1A20  0001101000100000 (  42)                 ADD   R5 R0 #0
(3017) 20D9  0010000011011001 (  44)                 LD    R0 ASCII0
(3018) 1C40  0001110001000000 (  46)                 ADD   R6 R1 R0
(3019) 0A09  0000101000001001 (  47)                 BRNP  CONT
(301A) 1C80  0001110010000000 (  49)                 ADD   R6 R2 R0
(301B) 0A07  0000101000000111 (  50)                 BRNP  CONT
(301C) 1CC0  0001110011000000 (  52)                 ADD   R6 R3 R0
(301D) 0A05  0000101000000101 (  53)                 BRNP  CONT
(301E) 1D00  0001110100000000 (  55)                 ADD   R6 R4 R0
(301F) 0A03  0000101000000011 (  56)                 BRNP  CONT
(3020) 1D40  0001110101000000 (  58)                 ADD   R6 R5 R0
(3021) 0A01  0000101000000001 (  59)                 BRNP  CONT
(3022) 0E71  0000111001110001 (  61)                 BRNZP END
(3023) 326B  0011001001101011 (  63) CONT            ST    R1 IDSAVE
(3024) E26A  1110001001101010 (  64)                 LEA   R1 IDSAVE
(3025) 7441  0111010001000001 (  65)                 STR   R2 R1 #1
(3026) 7642  0111011001000010 (  66)                 STR   R3 R1 #2
(3027) 7843  0111100001000011 (  67)                 STR   R4 R1 #3
(3028) 7A44  0111101001000100 (  68)                 STR   R5 R1 #4
(3029) 5020  0101000000100000 (  74)                 AND   R0 R0 #0
(302A) 5260  0101001001100000 (  75)                 AND   R1 R1 #0
(302B) 54A0  0101010010100000 (  76)                 AND   R2 R2 #0
(302C) 56E0  0101011011100000 (  77)                 AND   R3 R3 #0
(302D) 5920  0101100100100000 (  78)                 AND   R4 R4 #0
(302E) 5B60  0101101101100000 (  79)                 AND   R5 R5 #0
(302F) 5DA0  0101110110100000 (  80)                 AND   R6 R6 #0
(3030) 5FE0  0101111111100000 (  81)                 AND   R7 R7 #0
(3031) 20C0  0010000011000000 (  84)                 LD    R0 PTR
(3032) 6000  0110000000000000 (  85)                 LDR   R0 R0 #0
(3033) 0413  0000010000010011 (  86)                 BRZ   NOMORE
(3034) 6801  0110100000000001 (  91) CHK             LDR   R4 R0 #1
(3035) 1FE5  0001111111100101 (  92)                 ADD   R7 R7 #5
(3036) E258  1110001001011000 (  93)                 LEA   R1 IDSAVE
(3037) 6402  0110010000000010 (  95) MAYBE           LDR   R2 R0 #2
(3038) 6640  0110011001000000 (  96)                 LDR   R3 R1 #0
(3039) 96FF  1001011011111111 (  99)                 NOT   R3 R3
(303A) 16E1  0001011011100001 ( 100)                 ADD   R3 R3 #1
(303B) 16C2  0001011011000010 ( 101)                 ADD   R3 R3 R2
(303C) 0A05  0000101000000101 ( 103)                 BRNP  SKIP
(303D) 1261  0001001001100001 ( 105)                 ADD   R1 R1 #1
(303E) 1FFF  0001111111111111 ( 106)                 ADD   R7 R7 #-1
(303F) 0428  0000010000101000 ( 107)                 BRZ   SAME
(3040) 1021  0001000000100001 ( 108)                 ADD   R0 R0 #1
(3041) 0FF5  0000111111110101 ( 109)                 BRNZP MAYBE
(3042) 5FE0  0101111111100000 ( 111) SKIP            AND   R7 R7 #0
(3043) 1920  0001100100100000 ( 112)                 ADD   R4 R4 #0
(3044) 0402  0000010000000010 ( 113)                 BRZ   NOMORE
(3045) 1120  0001000100100000 ( 114)                 ADD   R0 R4 #0
(3046) 0FED  0000111111101101 ( 115)                 BRNZP CHK
(3047) 5020  0101000000100000 ( 125) NOMORE          AND   R0 R0 #0
(3048) 5260  0101001001100000 ( 126)                 AND   R1 R1 #0
(3049) 54A0  0101010010100000 ( 127)                 AND   R2 R2 #0
(304A) 56E0  0101011011100000 ( 128)                 AND   R3 R3 #0
(304B) 5920  0101100100100000 ( 129)                 AND   R4 R4 #0
(304C) 5B60  0101101101100000 ( 130)                 AND   R5 R5 #0
(304D) 5DA0  0101110110100000 ( 131)                 AND   R6 R6 #0
(304E) 5FE0  0101111111100000 ( 132)                 AND   R7 R7 #0
(304F) 20A2  0010000010100010 ( 134)                 LD    R0 PTR
(3050) 6001  0110000000000001 ( 135)                 LDR   R0 R0 #1
(3051) 0434  0000010000110100 ( 136)                 BRZ   NOMORE2
(3052) 30A2  0011000010100010 ( 142) BEG             ST    R0 STRR0
(3053) 6A00  0110101000000000 ( 143)                 LDR   R5 R0 #0
(3054) 6801  0110100000000001 ( 144)                 LDR   R4 R0 #1
(3055) 1FE5  0001111111100101 ( 145)                 ADD   R7 R7 #5
(3056) E238  1110001000111000 ( 146)                 LEA   R1 IDSAVE
(3057) 6402  0110010000000010 ( 148) AGAIN           LDR   R2 R0 #2
(3058) 6640  0110011001000000 ( 149)                 LDR   R3 R1 #0
(3059) 96FF  1001011011111111 ( 152)                 NOT   R3 R3
(305A) 16E1  0001011011100001 ( 153)                 ADD   R3 R3 #1
(305B) 16C2  0001011011000010 ( 154)                 ADD   R3 R3 R2
(305C) 0A05  0000101000000101 ( 156)                 BRNP  NEXT
(305D) 1261  0001001001100001 ( 158)                 ADD   R1 R1 #1
(305E) 1FFF  0001111111111111 ( 159)                 ADD   R7 R7 #-1
(305F) 040F  0000010000001111 ( 160)                 BRZ   MATCH
(3060) 1021  0001000000100001 ( 161)                 ADD   R0 R0 #1
(3061) 0FF5  0000111111110101 ( 162)                 BRNZP AGAIN
(3062) 2092  0010000010010010 ( 164) NEXT            LD    R0 STRR0
(3063) 5FE0  0101111111100000 ( 165)                 AND   R7 R7 #0
(3064) 1920  0001100100100000 ( 166)                 ADD   R4 R4 #0
(3065) 0420  0000010000100000 ( 167)                 BRZ   NOMORE2
(3066) 1120  0001000100100000 ( 168)                 ADD   R0 R4 #0
(3067) 0FEA  0000111111101010 ( 169)                 BRNZP BEG
(3068) 208A  0010000010001010 ( 175) SAME            LD    R0 ENDLINE
(3069) F021  1111000000100001 ( 176)                 TRAP  x21
(306A) E063  1110000001100011 ( 177)                 LEA   R0 THERE
(306B) F022  1111000000100010 ( 178)                 TRAP  x22
(306C) 2086  0010000010000110 ( 179)                 LD    R0 ENDLINE
(306D) F021  1111000000100001 ( 180)                 TRAP  x21
(306E) 0F91  0000111110010001 ( 181)                 BRNZP START
(306F) 103C  0001000000111100 ( 183) MATCH           ADD   R0 R0 #-4
(3070) 2281  0010001010000001 ( 184)                 LD    R1 PTR
(3071) 2E82  0010111010000010 ( 185)                 LD    R7 NULL
(3072) 6440  0110010001000000 ( 187)                 LDR   R2 R1 #0
(3073) 7401  0111010000000001 ( 188)                 STR   R2 R0 #1
(3074) 14A0  0001010010100000 ( 189)                 ADD   R2 R2 #0
(3075) 0401  0000010000000001 ( 190)                 BRZ   NOLIST
(3076) 7080  0111000010000000 ( 191)                 STR   R0 R2 #0
(3077) 7040  0111000001000000 ( 192) NOLIST          STR   R0 R1 #0
(3078) 7E00  0111111000000000 ( 193)                 STR   R7 R0 #0
(3079) 1B60  0001101101100000 ( 194)                 ADD   R5 R5 #0
(307A) 0412  0000010000010010 ( 195)                 BRZ   NOOO
(307B) 7941  0111100101000001 ( 196)                 STR   R4 R5 #1
(307C) 1920  0001100100100000 ( 197) NOLIST2         ADD   R4 R4 #0
(307D) 0401  0000010000000001 ( 198)                 BRZ   DUMB
(307E) 7B00  0111101100000000 ( 199)                 STR   R5 R4 #0
(307F) 2073  0010000001110011 ( 200) DUMB            LD    R0 ENDLINE
(3080) F021  1111000000100001 ( 201)                 TRAP  x21
(3081) E027  1110000000100111 ( 202)                 LEA   R0 DONE
(3082) F022  1111000000100010 ( 203)                 TRAP  x22
(3083) 206F  0010000001101111 ( 204)                 LD    R0 ENDLINE
(3084) F021  1111000000100001 ( 205)                 TRAP  x21
(3085) 0F7A  0000111101111010 ( 206)                 BRNZP START
(3086) 206C  0010000001101100 ( 208) NOMORE2         LD    R0 ENDLINE
(3087) F021  1111000000100001 ( 209)                 TRAP  x21
(3088) E00C  1110000000001100 ( 210)                 LEA   R0 NADA
(3089) F022  1111000000100010 ( 211)                 TRAP  x22
(308A) 2068  0010000001101000 ( 212)                 LD    R0 ENDLINE
(308B) F021  1111000000100001 ( 213)                 TRAP  x21
(308C) 0F73  0000111101110011 ( 214)                 BRNZP START
(308D) 7841  0111100001000001 ( 216) NOOO            STR   R4 R1 #1
(308E) 0FED  0000111111101101 ( 217)                 BRNZP NOLIST2
(308F) 0000  0000000000000000 ( 222) IDSAVE          .FILL x0000
(3090) 0000  0000000000000000 ( 222)                 .FILL x0000
(3091) 0000  0000000000000000 ( 222)                 .FILL x0000
(3092) 0000  0000000000000000 ( 222)                 .FILL x0000
(3093) 0000  0000000000000000 ( 222)                 .FILL x0000
(3094) F025  1111000000100101 ( 222) END             TRAP  x25
(3095) 0043  0000000001000011 ( 224) NADA            .FILL x0043
(3096) 0061  0000000001100001 ( 224)                 .FILL x0061
(3097) 006E  0000000001101110 ( 224)                 .FILL x006E
(3098) 006E  0000000001101110 ( 224)                 .FILL x006E
(3099) 006F  0000000001101111 ( 224)                 .FILL x006F
(309A) 0074  0000000001110100 ( 224)                 .FILL x0074
(309B) 0020  0000000000100000 ( 224)                 .FILL x0020
(309C) 0046  0000000001000110 ( 224)                 .FILL x0046
(309D) 0069  0000000001101001 ( 224)                 .FILL x0069
(309E) 006E  0000000001101110 ( 224)                 .FILL x006E
(309F) 0064  0000000001100100 ( 224)                 .FILL x0064
(30A0) 0020  0000000000100000 ( 224)                 .FILL x0020
(30A1) 0053  0000000001010011 ( 224)                 .FILL x0053
(30A2) 0074  0000000001110100 ( 224)                 .FILL x0074
(30A3) 0075  0000000001110101 ( 224)                 .FILL x0075
(30A4) 0064  0000000001100100 ( 224)                 .FILL x0064
(30A5) 0065  0000000001100101 ( 224)                 .FILL x0065
(30A6) 006E  0000000001101110 ( 224)                 .FILL x006E
(30A7) 0074  0000000001110100 ( 224)                 .FILL x0074
(30A8) 0000  0000000000000000 ( 224)                 .FILL x0000
(30A9) 0053  0000000001010011 ( 225) DONE            .FILL x0053
(30AA) 0075  0000000001110101 ( 225)                 .FILL x0075
(30AB) 0063  0000000001100011 ( 225)                 .FILL x0063
(30AC) 0063  0000000001100011 ( 225)                 .FILL x0063
(30AD) 0065  0000000001100101 ( 225)                 .FILL x0065
(30AE) 0073  0000000001110011 ( 225)                 .FILL x0073
(30AF) 0073  0000000001110011 ( 225)                 .FILL x0073
(30B0) 0066  0000000001100110 ( 225)                 .FILL x0066
(30B1) 0075  0000000001110101 ( 225)                 .FILL x0075
(30B2) 006C  0000000001101100 ( 225)                 .FILL x006C
(30B3) 006C  0000000001101100 ( 225)                 .FILL x006C
(30B4) 0079  0000000001111001 ( 225)                 .FILL x0079
(30B5) 0020  0000000000100000 ( 225)                 .FILL x0020
(30B6) 0065  0000000001100101 ( 225)                 .FILL x0065
(30B7) 006E  0000000001101110 ( 225)                 .FILL x006E
(30B8) 0072  0000000001110010 ( 225)                 .FILL x0072
(30B9) 006F  0000000001101111 ( 225)                 .FILL x006F
(30BA) 006C  0000000001101100 ( 225)                 .FILL x006C
(30BB) 006C  0000000001101100 ( 225)                 .FILL x006C
(30BC) 0065  0000000001100101 ( 225)                 .FILL x0065
(30BD) 0064  0000000001100100 ( 225)                 .FILL x0064
(30BE) 0020  0000000000100000 ( 225)                 .FILL x0020
(30BF) 0073  0000000001110011 ( 225)                 .FILL x0073
(30C0) 0074  0000000001110100 ( 225)                 .FILL x0074
(30C1) 0075  0000000001110101 ( 225)                 .FILL x0075
(30C2) 0064  0000000001100100 ( 225)                 .FILL x0064
(30C3) 0065  0000000001100101 ( 225)                 .FILL x0065
(30C4) 006E  0000000001101110 ( 225)                 .FILL x006E
(30C5) 0074  0000000001110100 ( 225)                 .FILL x0074
(30C6) 0020  0000000000100000 ( 225)                 .FILL x0020
(30C7) 0069  0000000001101001 ( 225)                 .FILL x0069
(30C8) 006E  0000000001101110 ( 225)                 .FILL x006E
(30C9) 0020  0000000000100000 ( 225)                 .FILL x0020
(30CA) 0033  0000000000110011 ( 225)                 .FILL x0033
(30CB) 0030  0000000000110000 ( 225)                 .FILL x0030
(30CC) 0036  0000000000110110 ( 225)                 .FILL x0036
(30CD) 0000  0000000000000000 ( 225)                 .FILL x0000
(30CE) 0053  0000000001010011 ( 226) THERE           .FILL x0053
(30CF) 0074  0000000001110100 ( 226)                 .FILL x0074
(30D0) 0075  0000000001110101 ( 226)                 .FILL x0075
(30D1) 0064  0000000001100100 ( 226)                 .FILL x0064
(30D2) 0065  0000000001100101 ( 226)                 .FILL x0065
(30D3) 006E  0000000001101110 ( 226)                 .FILL x006E
(30D4) 0074  0000000001110100 ( 226)                 .FILL x0074
(30D5) 0020  0000000000100000 ( 226)                 .FILL x0020
(30D6) 0069  0000000001101001 ( 226)                 .FILL x0069
(30D7) 0073  0000000001110011 ( 226)                 .FILL x0073
(30D8) 0020  0000000000100000 ( 226)                 .FILL x0020
(30D9) 0061  0000000001100001 ( 226)                 .FILL x0061
(30DA) 006C  0000000001101100 ( 226)                 .FILL x006C
(30DB) 0072  0000000001110010 ( 226)                 .FILL x0072
(30DC) 0065  0000000001100101 ( 226)                 .FILL x0065
(30DD) 0061  0000000001100001 ( 226)                 .FILL x0061
(30DE) 0064  0000000001100100 ( 226)                 .FILL x0064
(30DF) 0079  0000000001111001 ( 226)                 .FILL x0079
(30E0) 0020  0000000000100000 ( 226)                 .FILL x0020
(30E1) 0065  0000000001100101 ( 226)                 .FILL x0065
(30E2) 006E  0000000001101110 ( 226)                 .FILL x006E
(30E3) 0072  0000000001110010 ( 226)                 .FILL x0072
(30E4) 006F  0000000001101111 ( 226)                 .FILL x006F
(30E5) 006C  0000000001101100 ( 226)                 .FILL x006C
(30E6) 006C  0000000001101100 ( 226)                 .FILL x006C
(30E7) 0065  0000000001100101 ( 226)                 .FILL x0065
(30E8) 0064  0000000001100100 ( 226)                 .FILL x0064
(30E9) 0020  0000000000100000 ( 226)                 .FILL x0020
(30EA) 0069  0000000001101001 ( 226)                 .FILL x0069
(30EB) 006E  0000000001101110 ( 226)                 .FILL x006E
(30EC) 0020  0000000000100000 ( 226)                 .FILL x0020
(30ED) 0033  0000000000110011 ( 226)                 .FILL x0033
(30EE) 0030  0000000000110000 ( 226)                 .FILL x0030
(30EF) 0036  0000000000110110 ( 226)                 .FILL x0036
(30F0) 0000  0000000000000000 ( 226)                 .FILL x0000
(30F1) FFD0  1111111111010000 ( 227) ASCII0          .FILL xFFD0
(30F2) 3800  0011100000000000 ( 228) PTR             .FILL x3800
(30F3) 000A  0000000000001010 ( 229) ENDLINE         .FILL x000A
(30F4) 0000  0000000000000000 ( 230) NULL            .FILL x0000
(30F5) 0000  0000000000000000 ( 231) STRR0           .FILL x0000
