(0000) 3000  0011000000000000 (   1)                 .ORIG x3000
(3000) 5020  0101000000100000 (  12)                 AND   R0 R0 #0
(3001) 5260  0101001001100000 (  13)                 AND   R1 R1 #0
(3002) 54A0  0101010010100000 (  14)                 AND   R2 R2 #0
(3003) 56E0  0101011011100000 (  15)                 AND   R3 R3 #0
(3004) 5920  0101100100100000 (  16)                 AND   R4 R4 #0
(3005) 5B60  0101101101100000 (  17)                 AND   R5 R5 #0
(3006) 5DA0  0101110110100000 (  18)                 AND   R6 R6 #0
(3007) 5FE0  0101111111100000 (  19)                 AND   R7 R7 #0
(3008) 206A  0010000001101010 (  23) CODA            LD    R0 PTR
(3009) 6200  0110001000000000 (  25) LOOP            LDR   R1 R0 #0
(300A) 6402  0110010000000010 (  26)                 LDR   R2 R0 #2
(300B) 0414  0000010000010100 (  30)                 BRZ   CTR
(300C) 6601  0110011000000001 (  32)                 LDR   R3 R0 #1
(300D) 6803  0110100000000011 (  33)                 LDR   R4 R0 #3
(300E) 2E66  0010111001100110 (  37)                 LD    R7 MASK
(300F) 56C7  0101011011000111 (  38)                 AND   R3 R3 R7
(3010) 5907  0101100100000111 (  39)                 AND   R4 R4 R7
(3011) 993F  1001100100111111 (  45)                 NOT   R4 R4
(3012) 1921  0001100100100001 (  46)                 ADD   R4 R4 #1
(3013) 1B61  0001101101100001 (  50)                 ADD   R5 R5 #1
(3014) 18C4  0001100011000100 (  52)                 ADD   R4 R3 R4
(3015) 0202  0000001000000010 (  54)                 BRP   SWAP
(3016) 1022  0001000000100010 (  56)                 ADD   R0 R0 #2
(3017) 0FF1  0000111111110001 (  57)                 BRNZP LOOP
(3018) 7400  0111010000000000 (  63) SWAP            STR   R2 R0 #0
(3019) 7202  0111001000000010 (  64)                 STR   R1 R0 #2
(301A) 6601  0110011000000001 (  67)                 LDR   R3 R0 #1
(301B) 6803  0110100000000011 (  68)                 LDR   R4 R0 #3
(301C) 7801  0111100000000001 (  71)                 STR   R4 R0 #1
(301D) 7603  0111011000000011 (  72)                 STR   R3 R0 #3
(301E) 1022  0001000000100010 (  74)                 ADD   R0 R0 #2
(301F) 0FE9  0000111111101001 (  76)                 BRNZP LOOP
(3020) 1DBF  0001110110111111 (  78) CTR             ADD   R6 R6 #-1
(3021) 0802  0000100000000010 (  79)                 BRN   SETR6
(3022) 0407  0000010000000111 (  81) CONT            BRZ   HIS
(3023) 0FE4  0000111111100100 (  82)                 BRNZP CODA
(3024) 5DA0  0101110110100000 (  84) SETR6           AND   R6 R6 #0
(3025) 9DBF  1001110110111111 (  85)                 NOT   R6 R6
(3026) 9B7F  1001101101111111 (  86)                 NOT   R5 R5
(3027) 5D46  0101110101000110 (  87)                 AND   R6 R5 R6
(3028) 9DBF  1001110110111111 (  88)                 NOT   R6 R6
(3029) 0FF8  0000111111111000 (  89)                 BRNZP CONT
(302A) 5020  0101000000100000 (  95) HIS             AND   R0 R0 #0
(302B) 5260  0101001001100000 (  96)                 AND   R1 R1 #0
(302C) 54A0  0101010010100000 (  97)                 AND   R2 R2 #0
(302D) 56E0  0101011011100000 (  98)                 AND   R3 R3 #0
(302E) 5920  0101100100100000 (  99)                 AND   R4 R4 #0
(302F) 5B60  0101101101100000 ( 100)                 AND   R5 R5 #0
(3030) 5DA0  0101110110100000 ( 101)                 AND   R6 R6 #0
(3031) 5FE0  0101111111100000 ( 102)                 AND   R7 R7 #0
(3032) 2040  0010000001000000 ( 107)                 LD    R0 PTR
(3033) 6200  0110001000000000 ( 109) RPT             LDR   R1 R0 #0
(3034) 042D  0000010000101101 ( 111)                 BRZ   END
(3035) 6201  0110001000000001 ( 113)                 LDR   R1 R0 #1
(3036) 2E3E  0010111000111110 ( 120)                 LD    R7 MASK
(3037) 5247  0101001001000111 ( 121)                 AND   R1 R1 R7
(3038) 2E3D  0010111000111101 ( 122)                 LD    R7 FAIL
(3039) 1247  0001001001000111 ( 123)                 ADD   R1 R1 R7
(303A) 0C18  0000110000011000 ( 124)                 BRNZ  F
(303B) 6201  0110001000000001 ( 128)                 LDR   R1 R0 #1
(303C) 2E38  0010111000111000 ( 129)                 LD    R7 MASK
(303D) 5247  0101001001000111 ( 130)                 AND   R1 R1 R7
(303E) 2E38  0010111000111000 ( 131)                 LD    R7 DUMB
(303F) 1247  0001001001000111 ( 132)                 ADD   R1 R1 R7
(3040) 0C15  0000110000010101 ( 133)                 BRNZ  D
(3041) 6201  0110001000000001 ( 137)                 LDR   R1 R0 #1
(3042) 2E32  0010111000110010 ( 138)                 LD    R7 MASK
(3043) 5247  0101001001000111 ( 139)                 AND   R1 R1 R7
(3044) 2E33  0010111000110011 ( 140)                 LD    R7 COOL
(3045) 1247  0001001001000111 ( 141)                 ADD   R1 R1 R7
(3046) 0C12  0000110000010010 ( 142)                 BRNZ  C
(3047) 6201  0110001000000001 ( 146)                 LDR   R1 R0 #1
(3048) 2E2C  0010111000101100 ( 147)                 LD    R7 MASK
(3049) 5247  0101001001000111 ( 148)                 AND   R1 R1 R7
(304A) 2E2E  0010111000101110 ( 149)                 LD    R7 BAE
(304B) 1247  0001001001000111 ( 150)                 ADD   R1 R1 R7
(304C) 0C0F  0000110000001111 ( 151)                 BRNZ  B
(304D) 6201  0110001000000001 ( 155)                 LDR   R1 R0 #1
(304E) 2E26  0010111000100110 ( 156)                 LD    R7 MASK
(304F) 5247  0101001001000111 ( 157)                 AND   R1 R1 R7
(3050) 2E29  0010111000101001 ( 158)                 LD    R7 AHH
(3051) 1247  0001001001000111 ( 159)                 ADD   R1 R1 R7
(3052) 0E0C  0000111000001100 ( 160)                 BRNZP A
(3053) 14A1  0001010010100001 ( 163) F               ADD   R2 R2 #1
(3054) 1022  0001000000100010 ( 164)                 ADD   R0 R0 #2
(3055) 0FDD  0000111111011101 ( 165)                 BRNZP RPT
(3056) 16E1  0001011011100001 ( 167) D               ADD   R3 R3 #1
(3057) 1022  0001000000100010 ( 168)                 ADD   R0 R0 #2
(3058) 0FDA  0000111111011010 ( 169)                 BRNZP RPT
(3059) 1921  0001100100100001 ( 171) C               ADD   R4 R4 #1
(305A) 1022  0001000000100010 ( 172)                 ADD   R0 R0 #2
(305B) 0FD7  0000111111010111 ( 173)                 BRNZP RPT
(305C) 1B61  0001101101100001 ( 175) B               ADD   R5 R5 #1
(305D) 1022  0001000000100010 ( 176)                 ADD   R0 R0 #2
(305E) 0FD4  0000111111010100 ( 177)                 BRNZP RPT
(305F) 1DA1  0001110110100001 ( 179) A               ADD   R6 R6 #1
(3060) 1022  0001000000100010 ( 180)                 ADD   R0 R0 #2
(3061) 0FD1  0000111111010001 ( 181)                 BRNZP RPT
(3062) 2011  0010000000010001 ( 184) END             LD    R0 FNL
(3063) 2E17  0010111000010111 ( 186)                 LD    R7 ASCF
(3064) 1487  0001010010000111 ( 187)                 ADD   R2 R2 R7
(3065) 7400  0111010000000000 ( 188)                 STR   R2 R0 #0
(3066) 2E15  0010111000010101 ( 190)                 LD    R7 ASCD
(3067) 16C7  0001011011000111 ( 191)                 ADD   R3 R3 R7
(3068) 7601  0111011000000001 ( 192)                 STR   R3 R0 #1
(3069) 2E13  0010111000010011 ( 194)                 LD    R7 ASCC
(306A) 1907  0001100100000111 ( 195)                 ADD   R4 R4 R7
(306B) 7802  0111100000000010 ( 196)                 STR   R4 R0 #2
(306C) 2E11  0010111000010001 ( 198)                 LD    R7 ASCB
(306D) 1B47  0001101101000111 ( 199)                 ADD   R5 R5 R7
(306E) 7A03  0111101000000011 ( 200)                 STR   R5 R0 #3
(306F) 2E0F  0010111000001111 ( 202)                 LD    R7 ASCA
(3070) 1D87  0001110110000111 ( 203)                 ADD   R6 R6 R7
(3071) 7C04  0111110000000100 ( 204)                 STR   R6 R0 #4
(3072) F025  1111000000100101 ( 206)                 TRAP  x25
(3073) 4005  0100000000000101 ( 209) PTR             .FILL x4005
(3074) 4000  0100000000000000 ( 211) FNL             .FILL x4000
(3075) 00FF  0000000011111111 ( 213) MASK            .FILL x00FF
(3076) FFED  1111111111101101 ( 215) FAIL            .FILL xFFED
(3077) FFD9  1111111111011001 ( 217) DUMB            .FILL xFFD9
(3078) FFC5  1111111111000101 ( 219) COOL            .FILL xFFC5
(3079) FFB1  1111111110110001 ( 221) BAE             .FILL xFFB1
(307A) FF9C  1111111110011100 ( 223) AHH             .FILL xFF9C
(307B) 4600  0100011000000000 ( 225) ASCF            .FILL x4600
(307C) 4400  0100010000000000 ( 227) ASCD            .FILL x4400
(307D) 4300  0100001100000000 ( 229) ASCC            .FILL x4300
(307E) 4200  0100001000000000 ( 231) ASCB            .FILL x4200
(307F) 4100  0100000100000000 ( 233) ASCA            .FILL x4100
