(0000) 3000  0011000000000000 (   2)                 .ORIG x3000
(3000) 4809  0100100000001001 (  13)                 JSR   INIT
(3001) 488D  0100100010001101 (  14)                 JSR   DISPLAY
(3002) 4814  0100100000010100 (  15) REP             JSR   INPUT
(3003) 481A  0100100000011010 (  16)                 JSR   UPHP
(3004) 485B  0100100001011011 (  17) WALL            JSR   UPDATE_MAZE
(3005) 4877  0100100001110111 (  18)                 JSR   MOVE_HEAD
(3006) 4888  0100100010001000 (  19) NONE            JSR   DISPLAY
(3007) 4898  0100100010011000 (  20)                 JSR   CHKEND
(3008) 0FF9  0000111111111001 (  22)                 BRNZP REP
(3009) F025  1111000000100101 (  24) STOP            TRAP  x25
(300A) 3E0B  0011111000001011 (  35) INIT            ST    R7 IN_R7
(300B) 22D2  0010001011010010 (  36)                 LD    R1 MAZE
(300C) 248F  0010010010001111 (  37)                 LD    R2 C_OFF
(300D) 1242  0001001001000010 (  38)                 ADD   R1 R1 R2
(300E) 1262  0001001001100010 (  39)                 ADD   R1 R1 #2
(300F) 2004  0010000000000100 (  41)                 LD    R0 HEAD
(3010) 7040  0111000001000000 (  42)                 STR   R0 R1 #0
(3011) 3203  0011001000000011 (  43)                 ST    R1 HEAD_P
(3012) 2E03  0010111000000011 (  45)                 LD    R7 IN_R7
(3013) C1C0  1100000111000000 (  46)                 RET   
(3014) 003C  0000000000111100 (  48) HEAD            .FILL x003C
(3015) 0000  0000000000000000 (  50) HEAD_P          .FILL x0000
(3016) 0000  0000000000000000 (  54) IN_R7           .FILL x0000
(3017) 3E05  0011111000000101 (  54) INPUT           ST    R7 INPUT_R7
(3018) F020  1111000000100000 (  55)                 TRAP  x20
(3019) 3002  0011000000000010 (  56)                 ST    R0 CHAR
(301A) 2E02  0010111000000010 (  57)                 LD    R7 INPUT_R7
(301B) C1C0  1100000111000000 (  58)                 RET   
(301C) 0000  0000000000000000 (  61) CHAR            .FILL x0000
(301D) 0000  0000000000000000 (  63) INPUT_R7        .FILL x0000
(301E) 3E3F  0011111000111111 (  63) UPHP            ST    R7 UPHP_R7
(301F) 21FC  0010000111111100 (  64)                 LD    R0 CHAR
(3020) 2238  0010001000111000 (  65)                 LD    R1 OPP_w
(3021) 1201  0001001000000001 (  66)                 ADD   R1 R0 R1
(3022) 040A  0000010000001010 (  67)                 BRZ   UP
(3023) 2236  0010001000110110 (  68)                 LD    R1 OPP_a
(3024) 1201  0001001000000001 (  69)                 ADD   R1 R0 R1
(3025) 0414  0000010000010100 (  70)                 BRZ   LEFT
(3026) 2234  0010001000110100 (  71)                 LD    R1 OPP_s
(3027) 1201  0001001000000001 (  72)                 ADD   R1 R0 R1
(3028) 041B  0000010000011011 (  73)                 BRZ   DOWN
(3029) 2232  0010001000110010 (  74)                 LD    R1 OPP_d
(302A) 1201  0001001000000001 (  75)                 ADD   R1 R0 R1
(302B) 0423  0000010000100011 (  76)                 BRZ   RIGHT
(302C) 0FD5  0000111111010101 (  78)                 BRNZP REP
(302D) 21E7  0010000111100111 (  80) UP              LD    R0 HEAD_P
(302E) 3030  0011000000110000 (  81)                 ST    R0 OLD_P
(302F) 226C  0010001001101100 (  82)                 LD    R1 C_OFF
(3030) 927F  1001001001111111 (  83)                 NOT   R1 R1
(3031) 1261  0001001001100001 (  84)                 ADD   R1 R1 #1
(3032) 1201  0001001000000001 (  85)                 ADD   R1 R0 R1
(3033) 6440  0110010001000000 (  86)                 LDR   R2 R1 #0
(3034) 2628  0010011000101000 (  87)                 LD    R3 OPP_AST
(3035) 1683  0001011010000011 (  88)                 ADD   R3 R2 R3
(3036) 05CD  0000010111001101 (  89)                 BRZ   WALL
(3037) 33DD  0011001111011101 (  90)                 ST    R1 HEAD_P
(3038) 2E25  0010111000100101 (  91)                 LD    R7 UPHP_R7
(3039) C1C0  1100000111000000 (  92)                 RET   
(303A) 21DA  0010000111011010 (  94) LEFT            LD    R0 HEAD_P
(303B) 3023  0011000000100011 (  95)                 ST    R0 OLD_P
(303C) 123E  0001001000111110 (  96)                 ADD   R1 R0 #-2
(303D) 6440  0110010001000000 (  97)                 LDR   R2 R1 #0
(303E) 261E  0010011000011110 (  98)                 LD    R3 OPP_AST
(303F) 1683  0001011010000011 (  99)                 ADD   R3 R2 R3
(3040) 05C3  0000010111000011 ( 100)                 BRZ   WALL
(3041) 33D3  0011001111010011 ( 101)                 ST    R1 HEAD_P
(3042) 2E1B  0010111000011011 ( 102)                 LD    R7 UPHP_R7
(3043) C1C0  1100000111000000 ( 103)                 RET   
(3044) 21D0  0010000111010000 ( 106) DOWN            LD    R0 HEAD_P
(3045) 3019  0011000000011001 ( 107)                 ST    R0 OLD_P
(3046) 2255  0010001001010101 ( 108)                 LD    R1 C_OFF
(3047) 1201  0001001000000001 ( 109)                 ADD   R1 R0 R1
(3048) 6440  0110010001000000 ( 110)                 LDR   R2 R1 #0
(3049) 2613  0010011000010011 ( 111)                 LD    R3 OPP_AST
(304A) 1683  0001011010000011 ( 112)                 ADD   R3 R2 R3
(304B) 05B8  0000010110111000 ( 113)                 BRZ   WALL
(304C) 33C8  0011001111001000 ( 114)                 ST    R1 HEAD_P
(304D) 2E10  0010111000010000 ( 115)                 LD    R7 UPHP_R7
(304E) C1C0  1100000111000000 ( 116)                 RET   
(304F) 21C5  0010000111000101 ( 118) RIGHT           LD    R0 HEAD_P
(3050) 300E  0011000000001110 ( 119)                 ST    R0 OLD_P
(3051) 1222  0001001000100010 ( 120)                 ADD   R1 R0 #2
(3052) 6440  0110010001000000 ( 121)                 LDR   R2 R1 #0
(3053) 2609  0010011000001001 ( 122)                 LD    R3 OPP_AST
(3054) 1683  0001011010000011 ( 123)                 ADD   R3 R2 R3
(3055) 05AE  0000010110101110 ( 124)                 BRZ   WALL
(3056) 33BE  0011001110111110 ( 125)                 ST    R1 HEAD_P
(3057) 2E06  0010111000000110 ( 126)                 LD    R7 UPHP_R7
(3058) C1C0  1100000111000000 ( 127)                 RET   
(3059) FF89  1111111110001001 ( 129) OPP_w           .FILL xFF89
(305A) FF9F  1111111110011111 ( 130) OPP_a           .FILL xFF9F
(305B) FF8D  1111111110001101 ( 131) OPP_s           .FILL xFF8D
(305C) FF9C  1111111110011100 ( 132) OPP_d           .FILL xFF9C
(305D) FFD6  1111111111010110 ( 133) OPP_AST         .FILL xFFD6
(305E) 0000  0000000000000000 ( 135) UPHP_R7         .FILL x0000
(305F) 0000  0000000000000000 ( 146) OLD_P           .FILL x0000
(3060) 3E19  0011111000011001 ( 147) UPDATE_MAZE     ST    R7 UA_R7
(3061) 227C  0010001001111100 ( 149)                 LD    R1 MAZE
(3062) 21B2  0010000110110010 ( 150)                 LD    R0 HEAD_P
(3063) 2614  0010011000010100 ( 151)                 LD    R3 FRAME_N
(3064) 2814  0010100000010100 ( 152)                 LD    R4 FRAME_T
(3065) 16E1  0001011011100001 ( 153)                 ADD   R3 R3 #1
(3066) 3611  0011011000010001 ( 154)                 ST    R3 FRAME_N
(3067) 16C4  0001011011000100 ( 155)                 ADD   R3 R3 R4
(3068) 0406  0000010000000110 ( 157)                 BRZ   REP_FRAME
(3069) 2411  0010010000010001 ( 158)                 LD    R2 MAZE_O
(306A) 1002  0001000000000010 ( 159)                 ADD   R0 R0 R2
(306B) 1242  0001001001000010 ( 160)                 ADD   R1 R1 R2
(306C) 31A8  0011000110101000 ( 161)                 ST    R0 HEAD_P
(306D) 3270  0011001001110000 ( 162)                 ST    R1 MAZE
(306E) C1C0  1100000111000000 ( 163)                 RET   
(306F) 5B60  0101101101100000 ( 166) REP_FRAME       AND   R5 R5 #0
(3070) 3A07  0011101000000111 ( 167)                 ST    R5 FRAME_N
(3071) 240A  0010010000001010 ( 168)                 LD    R2 MAZE_N
(3072) 1002  0001000000000010 ( 169)                 ADD   R0 R0 R2
(3073) 1242  0001001001000010 ( 170)                 ADD   R1 R1 R2
(3074) 31A0  0011000110100000 ( 171)                 ST    R0 HEAD_P
(3075) 3268  0011001001101000 ( 172)                 ST    R1 MAZE
(3076) 2E03  0010111000000011 ( 173)                 LD    R7 UA_R7
(3077) C1C0  1100000111000000 ( 174)                 RET   
(3078) 0000  0000000000000000 ( 176) FRAME_N         .FILL x0000
(3079) FFE9  1111111111101001 ( 177) FRAME_T         .FILL xFFE9
(307A) 0000  0000000000000000 ( 180) UA_R7           .FILL x0000
(307B) 0422  0000010000100010 ( 180) MAZE_O          .FILL x0422
(307C) A514  1010010100010100 ( 181) MAZE_N          .FILL xA514
(307D) 3E10  0011111000010000 ( 190) MOVE_HEAD       ST    R7 MVHP_R7
(307E) 2196  0010000110010110 ( 191)                 LD    R0 HEAD_P
(307F) 23DF  0010001111011111 ( 192)                 LD    R1 OLD_P
(3080) 947F  1001010001111111 ( 193)                 NOT   R2 R1
(3081) 14A1  0001010010100001 ( 194)                 ADD   R2 R2 #1
(3082) 1402  0001010000000010 ( 195)                 ADD   R2 R0 R2
(3083) 0582  0000010110000010 ( 196)                 BRZ   NONE
(3084) 6440  0110010001000000 ( 197)                 LDR   R2 R1 #0
(3085) 6600  0110011000000000 ( 198)                 LDR   R3 R0 #0
(3086) 3606  0011011000000110 ( 199)                 ST    R3 PREV_P
(3087) 7400  0111010000000000 ( 200)                 STR   R2 R0 #0
(3088) 2803  0010100000000011 ( 201)                 LD    R4 SPACE
(3089) 7840  0111100001000000 ( 202)                 STR   R4 R1 #0
(308A) 2E03  0010111000000011 ( 203)                 LD    R7 MVHP_R7
(308B) C1C0  1100000111000000 ( 204)                 RET   
(308C) 0020  0000000000100000 ( 208) SPACE           .FILL x0020
(308D) 0000  0000000000000000 ( 210) PREV_P          .FILL x0000
(308E) 0000  0000000000000000 ( 218) MVHP_R7         .FILL x0000
(308F) 3E0F  0011111000001111 ( 219) DISPLAY         ST    R7 DS_R7
(3090) 224D  0010001001001101 ( 221)                 LD    R1 MAZE
(3091) 240A  0010010000001010 ( 222)                 LD    R2 C_OFF
(3092) 260A  0010011000001010 ( 223)                 LD    R3 R_OFF
(3093) 1060  0001000001100000 ( 226) D_MAZE          ADD   R0 R1 #0
(3094) F022  1111000000100010 ( 227)                 TRAP  x22
(3095) 2008  0010000000001000 ( 228)                 LD    R0 LF
(3096) F021  1111000000100001 ( 229)                 TRAP  x21
(3097) 1242  0001001001000010 ( 230)                 ADD   R1 R1 R2
(3098) 16FF  0001011011111111 ( 231)                 ADD   R3 R3 #-1
(3099) 03F9  0000001111111001 ( 232)                 BRP   D_MAZE
(309A) 2E04  0010111000000100 ( 234)                 LD    R7 DS_R7
(309B) C1C0  1100000111000000 ( 235)                 RET   
(309C) 002E  0000000000101110 ( 237) C_OFF           .FILL x002E
(309D) 0017  0000000000010111 ( 238) R_OFF           .FILL x0017
(309E) 000A  0000000000001010 ( 239) LF              .FILL x000A
(309F) 0000  0000000000000000 ( 248) DS_R7           .FILL x0000
(30A0) 3E11  0011111000010001 ( 250) CHKEND          ST    R7 END_R7
(30A1) 21EB  0010000111101011 ( 251)                 LD    R0 PREV_P
(30A2) 220D  0010001000001101 ( 254)                 LD    R1 OPP_U
(30A3) 1201  0001001000000001 ( 255)                 ADD   R1 R0 R1
(30A4) 0405  0000010000000101 ( 256)                 BRZ   LOSE
(30A5) 220B  0010001000001011 ( 258)                 LD    R1 OPP_o
(30A6) 1201  0001001000000001 ( 259)                 ADD   R1 R0 R1
(30A7) 0405  0000010000000101 ( 260)                 BRZ   WIN
(30A8) 2E09  0010111000001001 ( 262)                 LD    R7 END_R7
(30A9) C1C0  1100000111000000 ( 263)                 RET   
(30AA) E008  1110000000001000 ( 265) LOSE            LEA   R0 GAME_OVER
(30AB) F022  1111000000100010 ( 266)                 TRAP  x22
(30AC) 0F5C  0000111101011100 ( 267)                 BRNZP STOP
(30AD) E01B  1110000000011011 ( 269) WIN             LEA   R0 GAME_GOOD
(30AE) F022  1111000000100010 ( 270)                 TRAP  x22
(30AF) 0F59  0000111101011001 ( 271)                 BRNZP STOP
(30B0) FFAB  1111111110101011 ( 273) OPP_U           .FILL xFFAB
(30B1) FF91  1111111110010001 ( 274) OPP_o           .FILL xFF91
(30B2) 0000  0000000000000000 ( 279) END_R7          .FILL x0000
(30B3) 0020  0000000000100000 ( 280) GAME_OVER       .FILL x0020
(30B4) 0047  0000000001000111 ( 280)                 .FILL x0047
(30B5) 0061  0000000001100001 ( 280)                 .FILL x0061
(30B6) 006D  0000000001101101 ( 280)                 .FILL x006D
(30B7) 0065  0000000001100101 ( 280)                 .FILL x0065
(30B8) 0020  0000000000100000 ( 280)                 .FILL x0020
(30B9) 004F  0000000001001111 ( 280)                 .FILL x004F
(30BA) 0076  0000000001110110 ( 280)                 .FILL x0076
(30BB) 0065  0000000001100101 ( 280)                 .FILL x0065
(30BC) 0072  0000000001110010 ( 280)                 .FILL x0072
(30BD) 0021  0000000000100001 ( 280)                 .FILL x0021
(30BE) 0020  0000000000100000 ( 280)                 .FILL x0020
(30BF) 0059  0000000001011001 ( 280)                 .FILL x0059
(30C0) 006F  0000000001101111 ( 280)                 .FILL x006F
(30C1) 0075  0000000001110101 ( 280)                 .FILL x0075
(30C2) 0020  0000000000100000 ( 280)                 .FILL x0020
(30C3) 004C  0000000001001100 ( 280)                 .FILL x004C
(30C4) 006F  0000000001101111 ( 280)                 .FILL x006F
(30C5) 0073  0000000001110011 ( 280)                 .FILL x0073
(30C6) 0065  0000000001100101 ( 280)                 .FILL x0065
(30C7) 0021  0000000000100001 ( 280)                 .FILL x0021
(30C8) 0000  0000000000000000 ( 280)                 .FILL x0000
(30C9) 0020  0000000000100000 ( 283) GAME_GOOD       .FILL x0020
(30CA) 0047  0000000001000111 ( 283)                 .FILL x0047
(30CB) 0061  0000000001100001 ( 283)                 .FILL x0061
(30CC) 006D  0000000001101101 ( 283)                 .FILL x006D
(30CD) 0065  0000000001100101 ( 283)                 .FILL x0065
(30CE) 0020  0000000000100000 ( 283)                 .FILL x0020
(30CF) 004F  0000000001001111 ( 283)                 .FILL x004F
(30D0) 0076  0000000001110110 ( 283)                 .FILL x0076
(30D1) 0065  0000000001100101 ( 283)                 .FILL x0065
(30D2) 0072  0000000001110010 ( 283)                 .FILL x0072
(30D3) 0021  0000000000100001 ( 283)                 .FILL x0021
(30D4) 0020  0000000000100000 ( 283)                 .FILL x0020
(30D5) 0059  0000000001011001 ( 283)                 .FILL x0059
(30D6) 006F  0000000001101111 ( 283)                 .FILL x006F
(30D7) 0075  0000000001110101 ( 283)                 .FILL x0075
(30D8) 0020  0000000000100000 ( 283)                 .FILL x0020
(30D9) 0057  0000000001010111 ( 283)                 .FILL x0057
(30DA) 0069  0000000001101001 ( 283)                 .FILL x0069
(30DB) 006E  0000000001101110 ( 283)                 .FILL x006E
(30DC) 0021  0000000000100001 ( 283)                 .FILL x0021
(30DD) 0000  0000000000000000 ( 283)                 .FILL x0000
(30DE) 5000  0101000000000000 ( 285) MAZE            .FILL x5000
